<?xml version="1.0" encoding="UTF-8"?>
<testsuite name="hexlet.code.ValidatorTests" tests="4" skipped="0" failures="0" errors="0" timestamp="2023-01-16T14:23:05" hostname="DESKTOP-PQRPMOP" time="0.146">
  <properties/>
  <testcase name="testMapValidation()" classname="hexlet.code.ValidatorTests" time="0.129"/>
  <testcase name="testStringValidation()" classname="hexlet.code.ValidatorTests" time="0.004"/>
  <testcase name="testNumberValidation()" classname="hexlet.code.ValidatorTests" time="0.004"/>
  <testcase name="testMapShapeValidation()" classname="hexlet.code.ValidatorTests" time="0.003"/>
  <system-out><![CDATA[]]></system-out>
  <system-err><![CDATA[]]></system-err>
</testsuite>
